<?xml version="1.0" encoding="UTF-8"?>
<!-- Generated by org.testng.reporters.JUnitReportReporter -->
<testsuite hostname="Sufians-MacBook-Pro.local" name="Docker.Docker.parallelOneTest" tests="2" failures="0" timestamp="23 May 2021 18:05:04 GMT" time="25.717" errors="0">
  <testcase name="paralleltwo" time="11.546" classname="Docker.Docker.parallelOneTest"/>
  <testcase name="parallelOne" time="14.171" classname="Docker.Docker.parallelOneTest"/>
</testsuite> <!-- Docker.Docker.parallelOneTest -->
