<?xml version="1.0" encoding="UTF-8"?>
<!-- Generated by org.testng.reporters.JUnitReportReporter -->
<testsuite hostname="Sufians-MacBook-Pro.local" name="Docker.Docker.parallelOneTest" tests="2" failures="0" timestamp="23 May 2021 19:07:29 GMT" time="17.019" errors="0">
  <testcase name="paralleltwo" time="6.724" classname="Docker.Docker.parallelOneTest"/>
  <testcase name="parallelOne" time="10.295" classname="Docker.Docker.parallelOneTest"/>
</testsuite> <!-- Docker.Docker.parallelOneTest -->
