<?xml version="1.0" encoding="UTF-8"?>
<!-- Generated by org.testng.reporters.JUnitReportReporter -->
<testsuite hostname="Sufians-MacBook-Pro.local" name="Docker.Docker.parallelTwoTest" tests="1" failures="0" timestamp="16 May 2021 13:29:42 GMT" time="12.096" errors="0">
  <testcase name="paralleltwo" time="12.096" classname="Docker.Docker.parallelTwoTest"/>
</testsuite> <!-- Docker.Docker.parallelTwoTest -->
