<?xml version="1.0" encoding="UTF-8"?>
<!-- Generated by org.testng.reporters.JUnitReportReporter -->
<testsuite hostname="Sufians-MacBook-Pro.local" name="Docker.Docker.parallelOneTest" tests="2" failures="0" timestamp="23 May 2021 18:53:51 GMT" time="17.931" errors="0">
  <testcase name="parallelOne" time="10.060" classname="Docker.Docker.parallelOneTest"/>
  <testcase name="paralleltwo" time="7.871" classname="Docker.Docker.parallelOneTest"/>
</testsuite> <!-- Docker.Docker.parallelOneTest -->
