<?xml version="1.0" encoding="UTF-8"?>
<!-- Generated by org.testng.reporters.JUnitReportReporter -->
<testsuite hostname="Sufians-MacBook-Pro.local" name="Docker.Docker.parallelOneTest" tests="2" failures="0" timestamp="23 May 2021 18:39:23 GMT" time="19.062" errors="0">
  <testcase name="paralleltwo" time="8.454" classname="Docker.Docker.parallelOneTest"/>
  <testcase name="parallelOne" time="10.608" classname="Docker.Docker.parallelOneTest"/>
</testsuite> <!-- Docker.Docker.parallelOneTest -->
