<?xml version="1.0" encoding="UTF-8"?>
<!-- Generated by org.testng.reporters.JUnitReportReporter -->
<testsuite hostname="Sufians-MacBook-Pro.local" name="Docker.Docker.parallelOneTest" tests="2" failures="0" timestamp="23 May 2021 18:07:59 GMT" time="20.008" errors="0">
  <testcase name="parallelOne" time="10.873" classname="Docker.Docker.parallelOneTest"/>
  <testcase name="paralleltwo" time="9.135" classname="Docker.Docker.parallelOneTest"/>
</testsuite> <!-- Docker.Docker.parallelOneTest -->
